<?xml version="1.0" encoding="UTF-8"?>
<testsuite xmlns:xsi="http://www.w3.org/2001/XMLSchema-instance" xsi:noNamespaceSchemaLocation="https://maven.apache.org/surefire/maven-surefire-plugin/xsd/surefire-test-report.xsd" name="com.restassured.ConsultaTest" time="9.158" tests="2" errors="0" skipped="0" failures="0">
  <properties>
[...]
</properties>
  <testcase name="testError" classname="com.restassured.ConsultaTest" time="7.178"/>
  <testcase name="testSucesso" classname="com.restassured.ConsultaTest" time="1.792"/>
</testsuite>